<?xml version="1.0" encoding="UTF-8"?><testsuite errors="0" failures="0" name="com.localhost.bestbuyinfo.CategoriesCRUDTest" skipped="0" tests="4" time="9.03" timestamp="2022-06-06T22:28:16.105+01:00[Europe/London]"><testcase classname="com.localhost.bestbuyinfo.CategoriesCRUDTest" name="This will create a New Category"/><testcase classname="com.localhost.bestbuyinfo.CategoriesCRUDTest" name="Verify if the Category was added to the application"/><testcase classname="com.localhost.bestbuyinfo.CategoriesCRUDTest" name="Update the Category information"/><testcase classname="com.localhost.bestbuyinfo.CategoriesCRUDTest" name="Delete the product by ID"/></testsuite>