<?xml version="1.0" encoding="UTF-8"?><testsuite errors="0" failures="0" name="com.localhost.bestbuyinfo.ServicesCRUDTest" skipped="0" tests="4" time="0.32" timestamp="2022-06-06T22:28:28.056+01:00[Europe/London]"><testcase classname="com.localhost.bestbuyinfo.ServicesCRUDTest" name="This will create a New Service"/><testcase classname="com.localhost.bestbuyinfo.ServicesCRUDTest" name="Verify if the Product was added to the application"/><testcase classname="com.localhost.bestbuyinfo.ServicesCRUDTest" name="Update the product information"/><testcase classname="com.localhost.bestbuyinfo.ServicesCRUDTest" name="Delete the product by ID"/></testsuite>