<?xml version="1.0" encoding="UTF-8"?><testsuite errors="0" failures="0" name="com.localhost.bestbuyinfo.StoresCRUDSTest" skipped="0" tests="4" time="0.31" timestamp="2022-06-06T22:28:28.528+01:00[Europe/London]"><testcase classname="com.localhost.bestbuyinfo.StoresCRUDSTest" name="This will create a New Store"/><testcase classname="com.localhost.bestbuyinfo.StoresCRUDSTest" name="Verify if the Product was added to the application"/><testcase classname="com.localhost.bestbuyinfo.StoresCRUDSTest" name="Update the product information"/><testcase classname="com.localhost.bestbuyinfo.StoresCRUDSTest" name="Delete the product by ID"/></testsuite>